<?xml version="1.0" encoding="UTF-8"?>
<testsuite name="br.com.codenation.desafioexe.DesafioApplicationTest" tests="1" skipped="0" failures="0" errors="0" timestamp="2020-04-16T17:38:15" hostname="DESKTOP-8MQ8D6J" time="0.003">
  <properties/>
  <testcase name="isFibonacci" classname="br.com.codenation.desafioexe.DesafioApplicationTest" time="0.003"/>
  <system-out><![CDATA[]]></system-out>
  <system-err><![CDATA[]]></system-err>
</testsuite>
