<?xml version="1.0" encoding="UTF-8"?>
<testsuite name="br.com.codenation.BillingProcessorSubmitTest" tests="4" skipped="0" failures="0" errors="0" timestamp="2020-06-06T16:56:25" hostname="DESKTOP-8MQ8D6J" time="0.466">
  <properties/>
  <testcase name="testCashPayment" classname="br.com.codenation.BillingProcessorSubmitTest" time="0.383"/>
  <testcase name="testTransferPayment" classname="br.com.codenation.BillingProcessorSubmitTest" time="0.023"/>
  <testcase name="testDebitCardPayment" classname="br.com.codenation.BillingProcessorSubmitTest" time="0.024"/>
  <testcase name="testCreditCardPayment" classname="br.com.codenation.BillingProcessorSubmitTest" time="0.033"/>
  <system-out><![CDATA[]]></system-out>
  <system-err><![CDATA[]]></system-err>
</testsuite>
